  Решение.c
C:\Users\ПК\source\repos\12\12\Решение.c(74,8): warning C4312: приведение типов: преобразование из "int" в "unsigned char *" большего размера
C:\Users\ПК\source\repos\12\12\Решение.c(150,9): warning C4477: "printf": в строке форматирования "%d" требуется аргумент типа "int", но вариативный аргумент "3" имеет тип "__int64"
      C:\Users\ПК\source\repos\12\12\Решение.c(150,9):
      рекомендуется использовать "%lld" в строке форматирования
      C:\Users\ПК\source\repos\12\12\Решение.c(150,9):
      рекомендуется использовать "%Id" в строке форматирования
      C:\Users\ПК\source\repos\12\12\Решение.c(150,9):
      рекомендуется использовать "%I64d" в строке форматирования
  
C:\Users\ПК\source\repos\12\12\Решение.c(22,13): warning C4305: инициализация: усечение из "double" в "float"
C:\Users\ПК\source\repos\12\12\Решение.c(42,22): warning C4305: инициализация: усечение из "double" в "float"
C:\Users\ПК\source\repos\12\12\Решение.c(42,26): warning C4305: инициализация: усечение из "double" в "float"
C:\Users\ПК\source\repos\12\12\Решение.c(42,30): warning C4305: инициализация: усечение из "double" в "float"
C:\Users\ПК\source\repos\12\12\Решение.c(42,34): warning C4305: инициализация: усечение из "double" в "float"
C:\Users\ПК\source\repos\12\12\Решение.c(42,42): warning C4305: инициализация: усечение из "double" в "float"
C:\Users\ПК\source\repos\12\12\Решение.c(42,46): warning C4305: инициализация: усечение из "double" в "float"
C:\Users\ПК\source\repos\12\12\Решение.c(42,50): warning C4305: инициализация: усечение из "double" в "float"
C:\Users\ПК\source\repos\12\12\Решение.c(42,54): warning C4305: инициализация: усечение из "double" в "float"
C:\Users\ПК\source\repos\12\12\Решение.c(42,58): warning C4305: инициализация: усечение из "double" в "float"
  12.vcxproj -> C:\Users\ПК\source\repos\12\x64\Debug\12.exe
